<?xml version="1.0" encoding="UTF-8"?>
<!-- Generated by org.testng.reporters.JUnitReportReporter -->
<testsuite hostname="BLRLAP1529" failures="0" tests="1" name="testCases.TC_004_SearchProductTest" time="1.037" errors="0" timestamp="2023-12-17T19:36:17 IST" skipped="0">
  <testcase classname="testCases.TC_004_SearchProductTest" name="test_pruductSearch" time="1.037"/>
</testsuite> <!-- testCases.TC_004_SearchProductTest -->
