<?xml version="1.0" encoding="UTF-8"?>
<!-- Generated by org.testng.reporters.JUnitReportReporter -->
<testsuite hostname="BLRLAP1529" failures="0" tests="9" name="testCases.DDT.TC_005_ProductDisplayPage" time="33.213" errors="0" timestamp="2023-12-28T14:26:24 IST" skipped="0">
  <testcase classname="testCases.DDT.TC_005_ProductDisplayPage" name="test_execute_product_display_page_test_cases" time="2.708"/>
  <testcase classname="testCases.DDT.TC_005_ProductDisplayPage" name="test_execute_product_display_page_test_cases" time="4.030"/>
  <testcase classname="testCases.DDT.TC_005_ProductDisplayPage" name="test_execute_product_display_page_test_cases" time="4.088"/>
  <testcase classname="testCases.DDT.TC_005_ProductDisplayPage" name="test_execute_product_display_page_test_cases" time="2.404"/>
  <testcase classname="testCases.DDT.TC_005_ProductDisplayPage" name="test_execute_product_display_page_test_cases" time="4.644"/>
  <testcase classname="testCases.DDT.TC_005_ProductDisplayPage" name="test_execute_product_display_page_test_cases" time="2.605"/>
  <testcase classname="testCases.DDT.TC_005_ProductDisplayPage" name="test_execute_product_display_page_test_cases" time="5.100"/>
  <testcase classname="testCases.DDT.TC_005_ProductDisplayPage" name="test_execute_product_display_page_test_cases" time="4.829"/>
  <testcase classname="testCases.DDT.TC_005_ProductDisplayPage" name="test_execute_product_display_page_test_cases" time="2.805"/>
</testsuite> <!-- testCases.DDT.TC_005_ProductDisplayPage -->
