<?xml version="1.0" encoding="UTF-8"?>
<!-- Generated by org.testng.reporters.JUnitReportReporter -->
<testsuite hostname="BLRLAP1529" failures="0" tests="1" name="testCases.TC_001_AccountRegistrationTest" time="4.231" errors="0" timestamp="2023-12-17T19:36:17 IST" skipped="0">
  <testcase classname="testCases.TC_001_AccountRegistrationTest" name="test_account_registration" time="4.231"/>
</testsuite> <!-- testCases.TC_001_AccountRegistrationTest -->
