<?xml version="1.0" encoding="UTF-8"?>
<!-- Generated by org.testng.reporters.JUnitReportReporter -->
<testsuite hostname="BLRLAP1529" failures="0" tests="10" name="testCases.DDT.TC_002_AccountRegistration" time="35.934" errors="0" timestamp="2023-12-24T20:16:26 IST" skipped="0">
  <testcase classname="testCases.DDT.TC_002_AccountRegistration" name="test_execute_registration_test_cases" time="4.302"/>
  <testcase classname="testCases.DDT.TC_002_AccountRegistration" name="test_execute_registration_test_cases" time="3.894"/>
  <testcase classname="testCases.DDT.TC_002_AccountRegistration" name="test_execute_registration_test_cases" time="3.374"/>
  <testcase classname="testCases.DDT.TC_002_AccountRegistration" name="test_execute_registration_test_cases" time="4.730"/>
  <testcase classname="testCases.DDT.TC_002_AccountRegistration" name="test_execute_registration_test_cases" time="3.912"/>
  <testcase classname="testCases.DDT.TC_002_AccountRegistration" name="test_execute_registration_test_cases" time="4.069"/>
  <testcase classname="testCases.DDT.TC_002_AccountRegistration" name="test_execute_registration_test_cases" time="3.768"/>
  <testcase classname="testCases.DDT.TC_002_AccountRegistration" name="test_execute_registration_test_cases" time="0.059"/>
  <testcase classname="testCases.DDT.TC_002_AccountRegistration" name="test_execute_registration_test_cases" time="4.184"/>
  <testcase classname="testCases.DDT.TC_002_AccountRegistration" name="test_execute_registration_test_cases" time="3.642"/>
</testsuite> <!-- testCases.DDT.TC_002_AccountRegistration -->
