<?xml version="1.0" encoding="UTF-8"?>
<!-- Generated by org.testng.reporters.JUnitReportReporter -->
<testsuite hostname="BLRLAP1529" failures="0" tests="6" name="testCases.DDT.TC_003_AccountLogout" time="32.114" errors="0" timestamp="2023-12-23T14:43:37 IST" skipped="0">
  <testcase classname="testCases.DDT.TC_003_AccountLogout" name="test_execute_logout_test_cases" time="10.504"/>
  <testcase classname="testCases.DDT.TC_003_AccountLogout" name="test_execute_logout_test_cases" time="10.182"/>
  <testcase classname="testCases.DDT.TC_003_AccountLogout" name="test_execute_logout_test_cases" time="2.581"/>
  <testcase classname="testCases.DDT.TC_003_AccountLogout" name="test_execute_logout_test_cases" time="3.505"/>
  <testcase classname="testCases.DDT.TC_003_AccountLogout" name="test_execute_logout_test_cases" time="2.431"/>
  <testcase classname="testCases.DDT.TC_003_AccountLogout" name="test_execute_logout_test_cases" time="2.911"/>
</testsuite> <!-- testCases.DDT.TC_003_AccountLogout -->
