<?xml version="1.0" encoding="UTF-8"?>
<!-- Generated by org.testng.reporters.JUnitReportReporter -->
<testsuite hostname="BLRLAP1529" failures="0" tests="11" name="testCases.DDT.TC_004_SearchPage" time="73.358" errors="0" timestamp="2023-12-24T20:16:26 IST" skipped="0">
  <testcase classname="testCases.DDT.TC_004_SearchPage" name="test_execute_search_test_cases" time="0.633"/>
  <testcase classname="testCases.DDT.TC_004_SearchPage" name="test_execute_search_test_cases" time="1.056"/>
  <testcase classname="testCases.DDT.TC_004_SearchPage" name="test_execute_search_test_cases" time="1.501"/>
  <testcase classname="testCases.DDT.TC_004_SearchPage" name="test_execute_search_test_cases" time="10.608"/>
  <testcase classname="testCases.DDT.TC_004_SearchPage" name="test_execute_search_test_cases" time="22.356"/>
  <testcase classname="testCases.DDT.TC_004_SearchPage" name="test_execute_search_test_cases" time="1.213"/>
  <testcase classname="testCases.DDT.TC_004_SearchPage" name="test_execute_search_test_cases" time="0.553"/>
  <testcase classname="testCases.DDT.TC_004_SearchPage" name="test_execute_search_test_cases" time="1.631"/>
  <testcase classname="testCases.DDT.TC_004_SearchPage" name="test_execute_search_test_cases" time="11.740"/>
  <testcase classname="testCases.DDT.TC_004_SearchPage" name="test_execute_search_test_cases" time="11.359"/>
  <testcase classname="testCases.DDT.TC_004_SearchPage" name="test_execute_search_test_cases" time="10.708"/>
</testsuite> <!-- testCases.DDT.TC_004_SearchPage -->
