<?xml version="1.0" encoding="UTF-8"?>
<!-- Generated by org.testng.reporters.JUnitReportReporter -->
<testsuite hostname="BLRLAP1529" failures="0" tests="9" name="testCases.DDT.TC_002_AccountRegistration" time="34.349" errors="0" timestamp="2023-12-21T15:41:45 IST" skipped="0">
  <testcase classname="testCases.DDT.TC_002_AccountRegistration" name="test_execute_registration_test_cases" time="5.461"/>
  <testcase classname="testCases.DDT.TC_002_AccountRegistration" name="test_execute_registration_test_cases" time="4.074"/>
  <testcase classname="testCases.DDT.TC_002_AccountRegistration" name="test_execute_registration_test_cases" time="0.089"/>
  <testcase classname="testCases.DDT.TC_002_AccountRegistration" name="test_execute_registration_test_cases" time="4.523"/>
  <testcase classname="testCases.DDT.TC_002_AccountRegistration" name="test_execute_registration_test_cases" time="3.620"/>
  <testcase classname="testCases.DDT.TC_002_AccountRegistration" name="test_execute_registration_test_cases" time="3.607"/>
  <testcase classname="testCases.DDT.TC_002_AccountRegistration" name="test_execute_registration_test_cases" time="3.947"/>
  <testcase classname="testCases.DDT.TC_002_AccountRegistration" name="test_execute_registration_test_cases" time="3.926"/>
  <testcase classname="testCases.DDT.TC_002_AccountRegistration" name="test_execute_registration_test_cases" time="5.102"/>
</testsuite> <!-- testCases.DDT.TC_002_AccountRegistration -->
