<?xml version="1.0" encoding="UTF-8"?>
<!-- Generated by org.testng.reporters.JUnitReportReporter -->
<testsuite hostname="BLRLAP1529" failures="0" tests="6" name="testCases.DDT.TC_003_AccountLogout" time="30.650" errors="0" timestamp="2023-12-24T20:16:26 IST" skipped="0">
  <testcase classname="testCases.DDT.TC_003_AccountLogout" name="test_execute_logout_test_cases" time="1.996"/>
  <testcase classname="testCases.DDT.TC_003_AccountLogout" name="test_execute_logout_test_cases" time="10.190"/>
  <testcase classname="testCases.DDT.TC_003_AccountLogout" name="test_execute_logout_test_cases" time="10.449"/>
  <testcase classname="testCases.DDT.TC_003_AccountLogout" name="test_execute_logout_test_cases" time="2.185"/>
  <testcase classname="testCases.DDT.TC_003_AccountLogout" name="test_execute_logout_test_cases" time="2.412"/>
  <testcase classname="testCases.DDT.TC_003_AccountLogout" name="test_execute_logout_test_cases" time="3.418"/>
</testsuite> <!-- testCases.DDT.TC_003_AccountLogout -->
