<?xml version="1.0" encoding="UTF-8"?>
<!-- Generated by org.testng.reporters.JUnitReportReporter -->
<testsuite hostname="BLRLAP1529" failures="0" tests="10" name="testCases.DDT.TC_002_AccountRegistration" time="37.761" errors="0" timestamp="2023-12-23T14:43:37 IST" skipped="0">
  <testcase classname="testCases.DDT.TC_002_AccountRegistration" name="test_execute_registration_test_cases" time="3.601"/>
  <testcase classname="testCases.DDT.TC_002_AccountRegistration" name="test_execute_registration_test_cases" time="4.865"/>
  <testcase classname="testCases.DDT.TC_002_AccountRegistration" name="test_execute_registration_test_cases" time="4.052"/>
  <testcase classname="testCases.DDT.TC_002_AccountRegistration" name="test_execute_registration_test_cases" time="3.836"/>
  <testcase classname="testCases.DDT.TC_002_AccountRegistration" name="test_execute_registration_test_cases" time="4.711"/>
  <testcase classname="testCases.DDT.TC_002_AccountRegistration" name="test_execute_registration_test_cases" time="4.366"/>
  <testcase classname="testCases.DDT.TC_002_AccountRegistration" name="test_execute_registration_test_cases" time="0.098"/>
  <testcase classname="testCases.DDT.TC_002_AccountRegistration" name="test_execute_registration_test_cases" time="3.689"/>
  <testcase classname="testCases.DDT.TC_002_AccountRegistration" name="test_execute_registration_test_cases" time="4.434"/>
  <testcase classname="testCases.DDT.TC_002_AccountRegistration" name="test_execute_registration_test_cases" time="4.109"/>
</testsuite> <!-- testCases.DDT.TC_002_AccountRegistration -->
