<?xml version="1.0" encoding="UTF-8"?>
<!-- Generated by org.testng.reporters.JUnitReportReporter -->
<testsuite hostname="BLRLAP1529" failures="0" tests="2" name="testCases.DDT.TC_002_AccountRegistration" time="9.927" errors="0" timestamp="2023-12-20T11:18:16 IST" skipped="0">
  <testcase classname="testCases.DDT.TC_002_AccountRegistration" name="test_execute_registration_test_cases" time="5.930"/>
  <testcase classname="testCases.DDT.TC_002_AccountRegistration" name="test_execute_registration_test_cases" time="3.997"/>
</testsuite> <!-- testCases.DDT.TC_002_AccountRegistration -->
