<?xml version="1.0" encoding="UTF-8"?>
<!-- Generated by org.testng.reporters.JUnitReportReporter -->
<testsuite hostname="BLRLAP1529" failures="0" tests="6" name="testCases.DDT.TC_003_AccountLogout" time="33.523" errors="0" timestamp="2024-01-03T09:22:20 IST" skipped="0">
  <testcase classname="testCases.DDT.TC_003_AccountLogout" name="test_execute_logout_test_cases" time="5.689"/>
  <testcase classname="testCases.DDT.TC_003_AccountLogout" name="test_execute_logout_test_cases" time="2.334"/>
  <testcase classname="testCases.DDT.TC_003_AccountLogout" name="test_execute_logout_test_cases" time="2.364"/>
  <testcase classname="testCases.DDT.TC_003_AccountLogout" name="test_execute_logout_test_cases" time="10.150"/>
  <testcase classname="testCases.DDT.TC_003_AccountLogout" name="test_execute_logout_test_cases" time="2.510"/>
  <testcase classname="testCases.DDT.TC_003_AccountLogout" name="test_execute_logout_test_cases" time="10.476"/>
</testsuite> <!-- testCases.DDT.TC_003_AccountLogout -->
