<?xml version="1.0" encoding="UTF-8"?>
<!-- Generated by org.testng.reporters.JUnitReportReporter -->
<testsuite hostname="BLRLAP1529" failures="0" tests="11" name="testCases.DDT.TC_004_SearchPage" time="75.626" errors="0" timestamp="2024-01-03T09:22:20 IST" skipped="0">
  <testcase classname="testCases.DDT.TC_004_SearchPage" name="test_execute_search_test_cases" time="10.826"/>
  <testcase classname="testCases.DDT.TC_004_SearchPage" name="test_execute_search_test_cases" time="1.308"/>
  <testcase classname="testCases.DDT.TC_004_SearchPage" name="test_execute_search_test_cases" time="1.476"/>
  <testcase classname="testCases.DDT.TC_004_SearchPage" name="test_execute_search_test_cases" time="1.738"/>
  <testcase classname="testCases.DDT.TC_004_SearchPage" name="test_execute_search_test_cases" time="11.355"/>
  <testcase classname="testCases.DDT.TC_004_SearchPage" name="test_execute_search_test_cases" time="10.901"/>
  <testcase classname="testCases.DDT.TC_004_SearchPage" name="test_execute_search_test_cases" time="1.419"/>
  <testcase classname="testCases.DDT.TC_004_SearchPage" name="test_execute_search_test_cases" time="1.251"/>
  <testcase classname="testCases.DDT.TC_004_SearchPage" name="test_execute_search_test_cases" time="22.641"/>
  <testcase classname="testCases.DDT.TC_004_SearchPage" name="test_execute_search_test_cases" time="0.656"/>
  <testcase classname="testCases.DDT.TC_004_SearchPage" name="test_execute_search_test_cases" time="12.055"/>
</testsuite> <!-- testCases.DDT.TC_004_SearchPage -->
