<?xml version="1.0" encoding="UTF-8"?>
<!-- Generated by org.testng.reporters.JUnitReportReporter -->
<testsuite hostname="BLRLAP1529" failures="0" tests="11" name="testCases.DDT.TC_004_SearchPage" time="79.119" errors="0" timestamp="2023-12-23T14:43:37 IST" skipped="0">
  <testcase classname="testCases.DDT.TC_004_SearchPage" name="test_execute_search_test_cases" time="1.793"/>
  <testcase classname="testCases.DDT.TC_004_SearchPage" name="test_execute_search_test_cases" time="1.448"/>
  <testcase classname="testCases.DDT.TC_004_SearchPage" name="test_execute_search_test_cases" time="23.831"/>
  <testcase classname="testCases.DDT.TC_004_SearchPage" name="test_execute_search_test_cases" time="12.516"/>
  <testcase classname="testCases.DDT.TC_004_SearchPage" name="test_execute_search_test_cases" time="1.202"/>
  <testcase classname="testCases.DDT.TC_004_SearchPage" name="test_execute_search_test_cases" time="12.013"/>
  <testcase classname="testCases.DDT.TC_004_SearchPage" name="test_execute_search_test_cases" time="0.780"/>
  <testcase classname="testCases.DDT.TC_004_SearchPage" name="test_execute_search_test_cases" time="10.587"/>
  <testcase classname="testCases.DDT.TC_004_SearchPage" name="test_execute_search_test_cases" time="2.279"/>
  <testcase classname="testCases.DDT.TC_004_SearchPage" name="test_execute_search_test_cases" time="1.920"/>
  <testcase classname="testCases.DDT.TC_004_SearchPage" name="test_execute_search_test_cases" time="10.750"/>
</testsuite> <!-- testCases.DDT.TC_004_SearchPage -->
