<?xml version="1.0" encoding="UTF-8"?>
<!-- Generated by org.testng.reporters.JUnitReportReporter -->
<testsuite hostname="BLRLAP1529" failures="0" tests="10" name="testCases.DDT.TC_002_AccountRegistration" time="40.644" errors="0" timestamp="2023-12-28T14:52:38 IST" skipped="0">
  <testcase classname="testCases.DDT.TC_002_AccountRegistration" name="test_execute_registration_test_cases" time="5.627"/>
  <testcase classname="testCases.DDT.TC_002_AccountRegistration" name="test_execute_registration_test_cases" time="4.978"/>
  <testcase classname="testCases.DDT.TC_002_AccountRegistration" name="test_execute_registration_test_cases" time="4.633"/>
  <testcase classname="testCases.DDT.TC_002_AccountRegistration" name="test_execute_registration_test_cases" time="3.996"/>
  <testcase classname="testCases.DDT.TC_002_AccountRegistration" name="test_execute_registration_test_cases" time="4.105"/>
  <testcase classname="testCases.DDT.TC_002_AccountRegistration" name="test_execute_registration_test_cases" time="0.062"/>
  <testcase classname="testCases.DDT.TC_002_AccountRegistration" name="test_execute_registration_test_cases" time="3.765"/>
  <testcase classname="testCases.DDT.TC_002_AccountRegistration" name="test_execute_registration_test_cases" time="5.093"/>
  <testcase classname="testCases.DDT.TC_002_AccountRegistration" name="test_execute_registration_test_cases" time="3.443"/>
  <testcase classname="testCases.DDT.TC_002_AccountRegistration" name="test_execute_registration_test_cases" time="4.942"/>
</testsuite> <!-- testCases.DDT.TC_002_AccountRegistration -->
