<?xml version="1.0" encoding="UTF-8"?>
<!-- Generated by org.testng.reporters.JUnitReportReporter -->
<testsuite hostname="BLRLAP1529" failures="0" tests="11" name="testCases.DDT.TC_004_SearchPage" time="81.659" errors="0" timestamp="2023-12-28T14:52:38 IST" skipped="0">
  <testcase classname="testCases.DDT.TC_004_SearchPage" name="test_execute_search_test_cases" time="1.477"/>
  <testcase classname="testCases.DDT.TC_004_SearchPage" name="test_execute_search_test_cases" time="1.369"/>
  <testcase classname="testCases.DDT.TC_004_SearchPage" name="test_execute_search_test_cases" time="22.941"/>
  <testcase classname="testCases.DDT.TC_004_SearchPage" name="test_execute_search_test_cases" time="12.283"/>
  <testcase classname="testCases.DDT.TC_004_SearchPage" name="test_execute_search_test_cases" time="12.176"/>
  <testcase classname="testCases.DDT.TC_004_SearchPage" name="test_execute_search_test_cases" time="11.120"/>
  <testcase classname="testCases.DDT.TC_004_SearchPage" name="test_execute_search_test_cases" time="2.641"/>
  <testcase classname="testCases.DDT.TC_004_SearchPage" name="test_execute_search_test_cases" time="2.162"/>
  <testcase classname="testCases.DDT.TC_004_SearchPage" name="test_execute_search_test_cases" time="2.446"/>
  <testcase classname="testCases.DDT.TC_004_SearchPage" name="test_execute_search_test_cases" time="2.120"/>
  <testcase classname="testCases.DDT.TC_004_SearchPage" name="test_execute_search_test_cases" time="10.924"/>
</testsuite> <!-- testCases.DDT.TC_004_SearchPage -->
