<?xml version="1.0" encoding="UTF-8"?>
<!-- Generated by org.testng.reporters.JUnitReportReporter -->
<testsuite hostname="BLRLAP1529" failures="0" tests="1" name="testCases.TC_002_AccountLoginTest" time="4.050" errors="0" timestamp="2023-12-16T14:42:09 IST" skipped="0">
  <testcase classname="testCases.TC_002_AccountLoginTest" name="test_account_login" time="4.050"/>
</testsuite> <!-- testCases.TC_002_AccountLoginTest -->
