<?xml version="1.0" encoding="UTF-8"?>
<!-- Generated by org.testng.reporters.JUnitReportReporter -->
<testsuite hostname="BLRLAP1529" failures="0" tests="6" name="testCases.DDT.TC_003_AccountLogout" time="33.498" errors="0" timestamp="2023-12-28T14:52:38 IST" skipped="0">
  <testcase classname="testCases.DDT.TC_003_AccountLogout" name="test_execute_logout_test_cases" time="10.216"/>
  <testcase classname="testCases.DDT.TC_003_AccountLogout" name="test_execute_logout_test_cases" time="10.572"/>
  <testcase classname="testCases.DDT.TC_003_AccountLogout" name="test_execute_logout_test_cases" time="3.622"/>
  <testcase classname="testCases.DDT.TC_003_AccountLogout" name="test_execute_logout_test_cases" time="4.317"/>
  <testcase classname="testCases.DDT.TC_003_AccountLogout" name="test_execute_logout_test_cases" time="2.548"/>
  <testcase classname="testCases.DDT.TC_003_AccountLogout" name="test_execute_logout_test_cases" time="2.223"/>
</testsuite> <!-- testCases.DDT.TC_003_AccountLogout -->
